src/bwt_thrust_exp_len.cu(120): error: no suitable conversion function from "thrust::device_reference<device_string>" to "const void *" exists

src/bwt_thrust_exp_len.cu(124): error: no suitable conversion function from "thrust::device_vector<device_string, thrust::device_malloc_allocator<device_string>>" to "void *" exists

src/bwt_thrust_exp_len.cu(125): error: no suitable conversion function from "thrust::device_vector<device_string, thrust::device_malloc_allocator<device_string>>" to "void *" exists

/usr/include/c++/4.4/bits/stl_iterator_base_types.h(127): error: class "thrust::device_vector<device_string, thrust::device_malloc_allocator<device_string>>" has no member "iterator_category"
          detected during:
            instantiation of class "std::iterator_traits<_Iterator> [with _Iterator=thrust::device_vector<device_string, thrust::device_malloc_allocator<device_string>>]" 
/usr/local/cuda/bin//../include/thrust/iterator/iterator_traits.h(37): here
            instantiation of class "thrust::iterator_traits<T> [with T=thrust::device_vector<device_string, thrust::device_malloc_allocator<device_string>>]" 
/usr/local/cuda/bin//../include/thrust/iterator/detail/iterator_traits.inl(82): here
            instantiation of class "thrust::iterator_space<Iterator> [with Iterator=thrust::device_vector<device_string, thrust::device_malloc_allocator<device_string>>]" 
/usr/local/cuda/bin//../include/thrust/detail/copy.inl(47): here
            instantiation of "OutputIterator thrust::copy(InputIterator, InputIterator, OutputIterator) [with InputIterator=char *, OutputIterator=thrust::device_vector<device_string, thrust::device_malloc_allocator<device_string>>]" 
src/bwt_thrust_exp_len.cu(110): here

/usr/local/cuda/bin//../include/thrust/detail/type_traits.h(393): error: name followed by "::" must be a class or namespace name
          detected during:
            instantiation of class "thrust::detail::eval_if<false, Then, Else> [with Then=thrust::detail::device_iterator_category_to_backend_space<<error-type>>, Else=void]" 
(393): here
            instantiation of class "thrust::detail::eval_if<false, Then, Else> [with Then=thrust::detail::identity_<thrust::host_space_tag>, Else=thrust::detail::eval_if<false, thrust::detail::device_iterator_category_to_backend_space<<error-type>>, void>]" 
(393): here
            instantiation of class "thrust::detail::eval_if<false, Then, Else> [with Then=thrust::detail::identity_<thrust::any_space_tag>, Else=thrust::detail::eval_if<false, thrust::detail::identity_<thrust::host_space_tag>, thrust::detail::eval_if<false, thrust::detail::device_iterator_category_to_backend_space<<error-type>>, void>>]" 
/usr/local/cuda/bin//../include/thrust/iterator/detail/iterator_category_to_space.h(43): here
            instantiation of class "thrust::detail::iterator_category_to_space<Category> [with Category=<error-type>]" 
/usr/local/cuda/bin//../include/thrust/iterator/detail/iterator_traits.inl(81): here
            instantiation of class "thrust::iterator_space<Iterator> [with Iterator=thrust::device_vector<device_string, thrust::device_malloc_allocator<device_string>>]" 
/usr/local/cuda/bin//../include/thrust/detail/copy.inl(47): here
            instantiation of "OutputIterator thrust::copy(InputIterator, InputIterator, OutputIterator) [with InputIterator=char *, OutputIterator=thrust::device_vector<device_string, thrust::device_malloc_allocator<device_string>>]" 
src/bwt_thrust_exp_len.cu(110): here

/usr/local/cuda/bin//../include/thrust/detail/type_traits.h(393): error: name followed by "::" must be a class or namespace name
          detected during:
            instantiation of class "thrust::detail::eval_if<false, Then, Else> [with Then=thrust::detail::device_space_category_to_traversal<<error-type>>, Else=void]" 
(393): here
            instantiation of class "thrust::detail::eval_if<false, Then, Else> [with Then=thrust::detail::host_space_category_to_traversal<<error-type>>, Else=thrust::detail::eval_if<false, thrust::detail::device_space_category_to_traversal<<error-type>>, void>]" 
(393): here
            instantiation of class "thrust::detail::eval_if<false, Then, Else> [with Then=thrust::detail::any_space_category_to_traversal<<error-type>>, Else=thrust::detail::eval_if<false, thrust::detail::host_space_category_to_traversal<<error-type>>, thrust::detail::eval_if<false, thrust::detail::device_space_category_to_traversal<<error-type>>, void>>]" 
/usr/local/cuda/bin//../include/thrust/iterator/detail/iterator_category_to_traversal.h(129): here
            instantiation of class "thrust::detail::category_to_traversal<Category> [with Category=<error-type>]" 
(393): here
            instantiation of class "thrust::detail::eval_if<false, Then, Else> [with Then=thrust::detail::identity_<<error-type>>, Else=thrust::detail::category_to_traversal<<error-type>>]" 
/usr/local/cuda/bin//../include/thrust/iterator/detail/iterator_category_to_traversal.h(165): here
            [ 4 instantiation contexts not shown ]
            instantiation of "OutputIterator thrust::detail::device::dispatch::copy(InputIterator, InputIterator, OutputIterator, Space1, Space2) [with InputIterator=char *, OutputIterator=thrust::device_vector<device_string, thrust::device_malloc_allocator<device_string>>, Space1=thrust::host_space_tag, Space2=<error-type>]" 
/usr/local/cuda/bin//../include/thrust/detail/device/copy.h(38): here
            instantiation of "OutputIterator thrust::detail::device::copy(InputIterator, InputIterator, OutputIterator) [with InputIterator=char *, OutputIterator=thrust::device_vector<device_string, thrust::device_malloc_allocator<device_string>>]" 
/usr/local/cuda/bin//../include/thrust/detail/dispatch/copy.h(122): here
            instantiation of "OutputIterator thrust::detail::dispatch::copy(InputIterator, InputIterator, OutputIterator, thrust::detail::false_type) [with InputIterator=char *, OutputIterator=thrust::device_vector<device_string, thrust::device_malloc_allocator<device_string>>]" 
/usr/local/cuda/bin//../include/thrust/detail/dispatch/copy.h(158): here
            instantiation of "OutputIterator thrust::detail::dispatch::copy(InputIterator, InputIterator, OutputIterator, Space1, Space2) [with InputIterator=char *, OutputIterator=thrust::device_vector<device_string, thrust::device_malloc_allocator<device_string>>, Space1=thrust::host_space_tag, Space2=<error-type>]" 
/usr/local/cuda/bin//../include/thrust/detail/copy.inl(47): here
            instantiation of "OutputIterator thrust::copy(InputIterator, InputIterator, OutputIterator) [with InputIterator=char *, OutputIterator=thrust::device_vector<device_string, thrust::device_malloc_allocator<device_string>>]" 
src/bwt_thrust_exp_len.cu(110): here

/usr/local/cuda/bin//../include/thrust/iterator/detail/minimum_category.h(83): error: incomplete type is not allowed
          detected during:
            instantiation of class "thrust::detail::minimum_category_impl<false, false>::apply<T1, T2> [with T1=thrust::random_access_traversal_tag, T2=<error-type>]" 
(97): here
            instantiation of class "thrust::detail::minimum_category<T1, T2> [with T1=thrust::random_access_traversal_tag, T2=<error-type>]" 
/usr/local/cuda/bin//../include/thrust/detail/device/omp/copy.h(44): here
            instantiation of "OutputIterator thrust::detail::device::omp::copy(InputIterator, InputIterator, OutputIterator) [with InputIterator=char *, OutputIterator=thrust::device_vector<device_string, thrust::device_malloc_allocator<device_string>>]" 
/usr/local/cuda/bin//../include/thrust/detail/device/dispatch/copy.h(49): here
            instantiation of "OutputIterator thrust::detail::device::dispatch::copy(InputIterator, InputIterator, OutputIterator, thrust::detail::false_type) [with InputIterator=char *, OutputIterator=thrust::device_vector<device_string, thrust::device_malloc_allocator<device_string>>]" 
/usr/local/cuda/bin//../include/thrust/detail/device/dispatch/copy.h(115): here
            instantiation of "OutputIterator thrust::detail::device::dispatch::copy(InputIterator, InputIterator, OutputIterator, Space1, Space2) [with InputIterator=char *, OutputIterator=thrust::device_vector<device_string, thrust::device_malloc_allocator<device_string>>, Space1=thrust::host_space_tag, Space2=<error-type>]" 
/usr/local/cuda/bin//../include/thrust/detail/device/copy.h(38): here
            instantiation of "OutputIterator thrust::detail::device::copy(InputIterator, InputIterator, OutputIterator) [with InputIterator=char *, OutputIterator=thrust::device_vector<device_string, thrust::device_malloc_allocator<device_string>>]" 
/usr/local/cuda/bin//../include/thrust/detail/dispatch/copy.h(122): here
            instantiation of "OutputIterator thrust::detail::dispatch::copy(InputIterator, InputIterator, OutputIterator, thrust::detail::false_type) [with InputIterator=char *, OutputIterator=thrust::device_vector<device_string, thrust::device_malloc_allocator<device_string>>]" 
/usr/local/cuda/bin//../include/thrust/detail/dispatch/copy.h(158): here
            instantiation of "OutputIterator thrust::detail::dispatch::copy(InputIterator, InputIterator, OutputIterator, Space1, Space2) [with InputIterator=char *, OutputIterator=thrust::device_vector<device_string, thrust::device_malloc_allocator<device_string>>, Space1=thrust::host_space_tag, Space2=<error-type>]" 
/usr/local/cuda/bin//../include/thrust/detail/copy.inl(47): here
            instantiation of "OutputIterator thrust::copy(InputIterator, InputIterator, OutputIterator) [with InputIterator=char *, OutputIterator=thrust::device_vector<device_string, thrust::device_malloc_allocator<device_string>>]" 
src/bwt_thrust_exp_len.cu(110): here

/usr/local/cuda/bin//../include/thrust/iterator/detail/minimum_category.h(97): error: class "thrust::detail::minimum_category_impl<false, false>::apply<thrust::random_access_traversal_tag, <error-type>>" has no member "type"
          detected during:
            instantiation of class "thrust::detail::minimum_category<T1, T2> [with T1=thrust::random_access_traversal_tag, T2=<error-type>]" 
/usr/local/cuda/bin//../include/thrust/detail/device/omp/copy.h(44): here
            instantiation of "OutputIterator thrust::detail::device::omp::copy(InputIterator, InputIterator, OutputIterator) [with InputIterator=char *, OutputIterator=thrust::device_vector<device_string, thrust::device_malloc_allocator<device_string>>]" 
/usr/local/cuda/bin//../include/thrust/detail/device/dispatch/copy.h(49): here
            instantiation of "OutputIterator thrust::detail::device::dispatch::copy(InputIterator, InputIterator, OutputIterator, thrust::detail::false_type) [with InputIterator=char *, OutputIterator=thrust::device_vector<device_string, thrust::device_malloc_allocator<device_string>>]" 
/usr/local/cuda/bin//../include/thrust/detail/device/dispatch/copy.h(115): here
            instantiation of "OutputIterator thrust::detail::device::dispatch::copy(InputIterator, InputIterator, OutputIterator, Space1, Space2) [with InputIterator=char *, OutputIterator=thrust::device_vector<device_string, thrust::device_malloc_allocator<device_string>>, Space1=thrust::host_space_tag, Space2=<error-type>]" 
/usr/local/cuda/bin//../include/thrust/detail/device/copy.h(38): here
            instantiation of "OutputIterator thrust::detail::device::copy(InputIterator, InputIterator, OutputIterator) [with InputIterator=char *, OutputIterator=thrust::device_vector<device_string, thrust::device_malloc_allocator<device_string>>]" 
/usr/local/cuda/bin//../include/thrust/detail/dispatch/copy.h(122): here
            instantiation of "OutputIterator thrust::detail::dispatch::copy(InputIterator, InputIterator, OutputIterator, thrust::detail::false_type) [with InputIterator=char *, OutputIterator=thrust::device_vector<device_string, thrust::device_malloc_allocator<device_string>>]" 
/usr/local/cuda/bin//../include/thrust/detail/dispatch/copy.h(158): here
            instantiation of "OutputIterator thrust::detail::dispatch::copy(InputIterator, InputIterator, OutputIterator, Space1, Space2) [with InputIterator=char *, OutputIterator=thrust::device_vector<device_string, thrust::device_malloc_allocator<device_string>>, Space1=thrust::host_space_tag, Space2=<error-type>]" 
/usr/local/cuda/bin//../include/thrust/detail/copy.inl(47): here
            instantiation of "OutputIterator thrust::copy(InputIterator, InputIterator, OutputIterator) [with InputIterator=char *, OutputIterator=thrust::device_vector<device_string, thrust::device_malloc_allocator<device_string>>]" 
src/bwt_thrust_exp_len.cu(110): here

/usr/local/cuda/bin//../include/thrust/detail/copy.inl(42): error: no operator "==" matches these operands
            operand types are: thrust::device_reference<device_string> == thrust::device_reference<device_string>
          detected during instantiation of "OutputIterator thrust::copy(InputIterator, InputIterator, OutputIterator) [with InputIterator=thrust::device_reference<device_string>, OutputIterator=thrust::device_reference<device_string>]" 
src/bwt_thrust_exp_len.cu(114): here

/usr/include/c++/4.4/bits/stl_iterator_base_types.h(127): error: class "thrust::device_reference<device_string>" has no member "iterator_category"
          detected during:
            instantiation of class "std::iterator_traits<_Iterator> [with _Iterator=thrust::device_reference<device_string>]" 
/usr/local/cuda/bin//../include/thrust/iterator/iterator_traits.h(37): here
            instantiation of class "thrust::iterator_traits<T> [with T=thrust::device_reference<device_string>]" 
/usr/local/cuda/bin//../include/thrust/iterator/detail/iterator_traits.inl(82): here
            instantiation of class "thrust::iterator_space<Iterator> [with Iterator=thrust::device_reference<device_string>]" 
/usr/local/cuda/bin//../include/thrust/detail/copy.inl(46): here
            instantiation of "OutputIterator thrust::copy(InputIterator, InputIterator, OutputIterator) [with InputIterator=thrust::device_reference<device_string>, OutputIterator=thrust::device_reference<device_string>]" 
src/bwt_thrust_exp_len.cu(114): here

/usr/include/c++/4.4/bits/stl_iterator_base_types.h(129): error: class "thrust::device_reference<device_string>" has no member "difference_type"
          detected during:
            instantiation of class "std::iterator_traits<_Iterator> [with _Iterator=thrust::device_reference<device_string>]" 
/usr/local/cuda/bin//../include/thrust/iterator/iterator_traits.h(37): here
            instantiation of class "thrust::iterator_traits<T> [with T=thrust::device_reference<device_string>]" 
/usr/local/cuda/bin//../include/thrust/iterator/detail/iterator_traits.inl(82): here
            instantiation of class "thrust::iterator_space<Iterator> [with Iterator=thrust::device_reference<device_string>]" 
/usr/local/cuda/bin//../include/thrust/detail/copy.inl(46): here
            instantiation of "OutputIterator thrust::copy(InputIterator, InputIterator, OutputIterator) [with InputIterator=thrust::device_reference<device_string>, OutputIterator=thrust::device_reference<device_string>]" 
src/bwt_thrust_exp_len.cu(114): here

/usr/include/c++/4.4/bits/stl_iterator_base_types.h(131): error: class "thrust::device_reference<device_string>" has no member "reference"
          detected during:
            instantiation of class "std::iterator_traits<_Iterator> [with _Iterator=thrust::device_reference<device_string>]" 
/usr/local/cuda/bin//../include/thrust/iterator/iterator_traits.h(37): here
            instantiation of class "thrust::iterator_traits<T> [with T=thrust::device_reference<device_string>]" 
/usr/local/cuda/bin//../include/thrust/iterator/detail/iterator_traits.inl(82): here
            instantiation of class "thrust::iterator_space<Iterator> [with Iterator=thrust::device_reference<device_string>]" 
/usr/local/cuda/bin//../include/thrust/detail/copy.inl(46): here
            instantiation of "OutputIterator thrust::copy(InputIterator, InputIterator, OutputIterator) [with InputIterator=thrust::device_reference<device_string>, OutputIterator=thrust::device_reference<device_string>]" 
src/bwt_thrust_exp_len.cu(114): here

/usr/local/cuda/bin//../include/thrust/iterator/detail/minimum_category.h(83): error: incomplete type is not allowed
          detected during:
            instantiation of class "thrust::detail::minimum_category_impl<false, false>::apply<T1, T2> [with T1=<error-type>, T2=<error-type>]" 
(97): here
            instantiation of class "thrust::detail::minimum_category<T1, T2> [with T1=<error-type>, T2=<error-type>]" 
/usr/local/cuda/bin//../include/thrust/detail/device/omp/copy.h(44): here
            instantiation of "OutputIterator thrust::detail::device::omp::copy(InputIterator, InputIterator, OutputIterator) [with InputIterator=thrust::device_reference<device_string>, OutputIterator=thrust::device_reference<device_string>]" 
/usr/local/cuda/bin//../include/thrust/detail/device/dispatch/copy.h(49): here
            instantiation of "OutputIterator thrust::detail::device::dispatch::copy(InputIterator, InputIterator, OutputIterator, thrust::detail::false_type) [with InputIterator=thrust::device_reference<device_string>, OutputIterator=thrust::device_reference<device_string>]" 
/usr/local/cuda/bin//../include/thrust/detail/device/dispatch/copy.h(115): here
            instantiation of "OutputIterator thrust::detail::device::dispatch::copy(InputIterator, InputIterator, OutputIterator, Space1, Space2) [with InputIterator=thrust::device_reference<device_string>, OutputIterator=thrust::device_reference<device_string>, Space1=<error-type>, Space2=<error-type>]" 
/usr/local/cuda/bin//../include/thrust/detail/device/copy.h(38): here
            instantiation of "OutputIterator thrust::detail::device::copy(InputIterator, InputIterator, OutputIterator) [with InputIterator=thrust::device_reference<device_string>, OutputIterator=thrust::device_reference<device_string>]" 
/usr/local/cuda/bin//../include/thrust/detail/dispatch/copy.h(122): here
            instantiation of "OutputIterator thrust::detail::dispatch::copy(InputIterator, InputIterator, OutputIterator, thrust::detail::false_type) [with InputIterator=thrust::device_reference<device_string>, OutputIterator=thrust::device_reference<device_string>]" 
/usr/local/cuda/bin//../include/thrust/detail/dispatch/copy.h(158): here
            instantiation of "OutputIterator thrust::detail::dispatch::copy(InputIterator, InputIterator, OutputIterator, Space1, Space2) [with InputIterator=thrust::device_reference<device_string>, OutputIterator=thrust::device_reference<device_string>, Space1=<error-type>, Space2=<error-type>]" 
/usr/local/cuda/bin//../include/thrust/detail/copy.inl(47): here
            instantiation of "OutputIterator thrust::copy(InputIterator, InputIterator, OutputIterator) [with InputIterator=thrust::device_reference<device_string>, OutputIterator=thrust::device_reference<device_string>]" 
src/bwt_thrust_exp_len.cu(114): here

/usr/local/cuda/bin//../include/thrust/iterator/detail/minimum_category.h(97): error: class "thrust::detail::minimum_category_impl<false, false>::apply<<error-type>, <error-type>>" has no member "type"
          detected during:
            instantiation of class "thrust::detail::minimum_category<T1, T2> [with T1=<error-type>, T2=<error-type>]" 
/usr/local/cuda/bin//../include/thrust/detail/device/omp/copy.h(44): here
            instantiation of "OutputIterator thrust::detail::device::omp::copy(InputIterator, InputIterator, OutputIterator) [with InputIterator=thrust::device_reference<device_string>, OutputIterator=thrust::device_reference<device_string>]" 
/usr/local/cuda/bin//../include/thrust/detail/device/dispatch/copy.h(49): here
            instantiation of "OutputIterator thrust::detail::device::dispatch::copy(InputIterator, InputIterator, OutputIterator, thrust::detail::false_type) [with InputIterator=thrust::device_reference<device_string>, OutputIterator=thrust::device_reference<device_string>]" 
/usr/local/cuda/bin//../include/thrust/detail/device/dispatch/copy.h(115): here
            instantiation of "OutputIterator thrust::detail::device::dispatch::copy(InputIterator, InputIterator, OutputIterator, Space1, Space2) [with InputIterator=thrust::device_reference<device_string>, OutputIterator=thrust::device_reference<device_string>, Space1=<error-type>, Space2=<error-type>]" 
/usr/local/cuda/bin//../include/thrust/detail/device/copy.h(38): here
            instantiation of "OutputIterator thrust::detail::device::copy(InputIterator, InputIterator, OutputIterator) [with InputIterator=thrust::device_reference<device_string>, OutputIterator=thrust::device_reference<device_string>]" 
/usr/local/cuda/bin//../include/thrust/detail/dispatch/copy.h(122): here
            instantiation of "OutputIterator thrust::detail::dispatch::copy(InputIterator, InputIterator, OutputIterator, thrust::detail::false_type) [with InputIterator=thrust::device_reference<device_string>, OutputIterator=thrust::device_reference<device_string>]" 
/usr/local/cuda/bin//../include/thrust/detail/dispatch/copy.h(158): here
            instantiation of "OutputIterator thrust::detail::dispatch::copy(InputIterator, InputIterator, OutputIterator, Space1, Space2) [with InputIterator=thrust::device_reference<device_string>, OutputIterator=thrust::device_reference<device_string>, Space1=<error-type>, Space2=<error-type>]" 
/usr/local/cuda/bin//../include/thrust/detail/copy.inl(47): here
            instantiation of "OutputIterator thrust::copy(InputIterator, InputIterator, OutputIterator) [with InputIterator=thrust::device_reference<device_string>, OutputIterator=thrust::device_reference<device_string>]" 
src/bwt_thrust_exp_len.cu(114): here

14 errors detected in the compilation of "/tmp/tmpxft_000009d6_00000000-4_bwt_thrust_exp_len.cpp1.ii".
